## Footprint report - date Wed Apr 25 16:01:54 2018
## Created by Pcbnew version kicad 4.0.7+dfsg1-1~bpo9+1
## Unit = mm, Angle = deg.

$BeginDESCRIPTION

$BOARD
upper_left_corner 37.565000 36.583809
lower_right_corner 129.118572 147.605001
$EndBOARD

$MODULE "D15"
reference "D15"
value "UV"
footprint "LEDs:LED_D5.0mm_Horizontal_O3.81mm_Z3.0mm"
attribut none
position 52.000000 138.960000  orientation 270.00
layer front
$PAD "1"
Shape Rect Layer both
position  0.000000  0.000000  size  1.800000  1.800000  orientation 0.00
drill  0.900000
shape_offset  0.000000  0.000000
$EndPAD
$PAD "2"
Shape Circle Layer both
position  2.540000  0.000000  size  1.800000  1.800000  orientation 0.00
drill  0.900000
shape_offset  0.000000  0.000000
$EndPAD
$EndMODULE  D15

$MODULE "D14"
reference "D14"
value "UV"
footprint "LEDs:LED_D5.0mm_Horizontal_O3.81mm_Z3.0mm"
attribut none
position 52.000000 45.500000  orientation 270.00
layer front
$PAD "1"
Shape Rect Layer both
position  0.000000  0.000000  size  1.800000  1.800000  orientation 0.00
drill  0.900000
shape_offset  0.000000  0.000000
$EndPAD
$PAD "2"
Shape Circle Layer both
position  2.540000  0.000000  size  1.800000  1.800000  orientation 0.00
drill  0.900000
shape_offset  0.000000  0.000000
$EndPAD
$EndMODULE  D14

$MODULE "J3"
reference "J3"
value "Conn_02x04_Top_Bottom"
footprint "FORT:Molex_MiniFit-JR-5569-08A2_2x04x4.20mm_Angled"
attribut none
position 112.400000 133.000000  orientation 180.00
layer front
$PAD "1"
Shape Rect Layer both
position  0.000000  0.000000  size  3.000000  3.000000  orientation 0.00
drill  1.800000
shape_offset  0.000000  0.000000
$EndPAD
$PAD "2"
Shape Circle Layer both
position  4.200000  0.000000  size  3.000000  3.000000  orientation 0.00
drill  1.800000
shape_offset  0.000000  0.000000
$EndPAD
$PAD "3"
Shape Circle Layer both
position  8.400000  0.000000  size  3.000000  3.000000  orientation 0.00
drill  1.800000
shape_offset  0.000000  0.000000
$EndPAD
$PAD "4"
Shape Circle Layer both
position 12.600000  0.000000  size  3.000000  3.000000  orientation 0.00
drill  1.800000
shape_offset  0.000000  0.000000
$EndPAD
$PAD "5"
Shape Circle Layer both
position  0.000000  5.500000  size  3.000000  3.000000  orientation 0.00
drill  1.800000
shape_offset  0.000000  0.000000
$EndPAD
$PAD "6"
Shape Circle Layer both
position  4.200000  5.500000  size  3.000000  3.000000  orientation 0.00
drill  1.800000
shape_offset  0.000000  0.000000
$EndPAD
$PAD "7"
Shape Circle Layer both
position  8.400000  5.500000  size  3.000000  3.000000  orientation 0.00
drill  1.800000
shape_offset  0.000000  0.000000
$EndPAD
$PAD "8"
Shape Circle Layer both
position 12.600000  5.500000  size  3.000000  3.000000  orientation 0.00
drill  1.800000
shape_offset  0.000000  0.000000
$EndPAD
$PAD ""
Shape Circle Layer both
position  0.000000 -7.300000  size  3.000000  3.000000  orientation 0.00
drill  3.000000
shape_offset  0.000000  0.000000
$EndPAD
$PAD ""
Shape Circle Layer both
position 12.600000 -7.300000  size  3.000000  3.000000  orientation 0.00
drill  3.000000
shape_offset  0.000000  0.000000
$EndPAD
$EndMODULE  J3

$MODULE "U7"
reference "U7"
value "ATTINY24-20SSU"
footprint "Housings_SOIC:SOIC-14_3.9x8.7mm_Pitch1.27mm"
attribut smd
position 111.150000 76.250000  orientation 270.00
layer front
$PAD "1"
Shape Oval Layer front
position -2.700000 -3.810000  size  1.500000  0.600000  orientation 0.00
drill  0.000000
shape_offset  0.000000  0.000000
$EndPAD
$PAD "2"
Shape Rect Layer front
position -2.700000 -2.540000  size  1.500000  0.600000  orientation 0.00
drill  0.000000
shape_offset  0.000000  0.000000
$EndPAD
$PAD "3"
Shape Rect Layer front
position -2.700000 -1.270000  size  1.500000  0.600000  orientation 0.00
drill  0.000000
shape_offset  0.000000  0.000000
$EndPAD
$PAD "4"
Shape Rect Layer front
position -2.700000  0.000000  size  1.500000  0.600000  orientation 0.00
drill  0.000000
shape_offset  0.000000  0.000000
$EndPAD
$PAD "5"
Shape Rect Layer front
position -2.700000  1.270000  size  1.500000  0.600000  orientation 0.00
drill  0.000000
shape_offset  0.000000  0.000000
$EndPAD
$PAD "6"
Shape Rect Layer front
position -2.700000  2.540000  size  1.500000  0.600000  orientation 0.00
drill  0.000000
shape_offset  0.000000  0.000000
$EndPAD
$PAD "7"
Shape Rect Layer front
position -2.700000  3.810000  size  1.500000  0.600000  orientation 0.00
drill  0.000000
shape_offset  0.000000  0.000000
$EndPAD
$PAD "8"
Shape Rect Layer front
position  2.700000  3.810000  size  1.500000  0.600000  orientation 0.00
drill  0.000000
shape_offset  0.000000  0.000000
$EndPAD
$PAD "9"
Shape Rect Layer front
position  2.700000  2.540000  size  1.500000  0.600000  orientation 0.00
drill  0.000000
shape_offset  0.000000  0.000000
$EndPAD
$PAD "10"
Shape Rect Layer front
position  2.700000  1.270000  size  1.500000  0.600000  orientation 0.00
drill  0.000000
shape_offset  0.000000  0.000000
$EndPAD
$PAD "11"
Shape Rect Layer front
position  2.700000  0.000000  size  1.500000  0.600000  orientation 0.00
drill  0.000000
shape_offset  0.000000  0.000000
$EndPAD
$PAD "12"
Shape Rect Layer front
position  2.700000 -1.270000  size  1.500000  0.600000  orientation 0.00
drill  0.000000
shape_offset  0.000000  0.000000
$EndPAD
$PAD "13"
Shape Rect Layer front
position  2.700000 -2.540000  size  1.500000  0.600000  orientation 0.00
drill  0.000000
shape_offset  0.000000  0.000000
$EndPAD
$PAD "14"
Shape Rect Layer front
position  2.700000 -3.810000  size  1.500000  0.600000  orientation 0.00
drill  0.000000
shape_offset  0.000000  0.000000
$EndPAD
$EndMODULE  U7

$MODULE "C1"
reference "C1"
value "100nF"
footprint "Capacitors_SMD:C_0603"
attribut smd
position 116.700000 95.550000  orientation 90.00
layer front
$PAD "2"
Shape Rect Layer front
position  0.750000  0.000000  size  0.800000  0.750000  orientation 0.00
drill  0.000000
shape_offset  0.000000  0.000000
$EndPAD
$PAD "1"
Shape Rect Layer front
position -0.750000  0.000000  size  0.800000  0.750000  orientation 0.00
drill  0.000000
shape_offset  0.000000  0.000000
$EndPAD
$EndMODULE  C1

$MODULE "C2"
reference "C2"
value "100nF"
footprint "Capacitors_SMD:C_0603"
attribut smd
position 115.200000 95.550000  orientation 90.00
layer front
$PAD "2"
Shape Rect Layer front
position  0.750000  0.000000  size  0.800000  0.750000  orientation 0.00
drill  0.000000
shape_offset  0.000000  0.000000
$EndPAD
$PAD "1"
Shape Rect Layer front
position -0.750000  0.000000  size  0.800000  0.750000  orientation 0.00
drill  0.000000
shape_offset  0.000000  0.000000
$EndPAD
$EndMODULE  C2

$MODULE "C6"
reference "C6"
value "100nF"
footprint "Capacitors_SMD:C_0603"
attribut smd
position 82.000000 95.000000  orientation 180.00
layer front
$PAD "2"
Shape Rect Layer front
position  0.750000  0.000000  size  0.800000  0.750000  orientation 0.00
drill  0.000000
shape_offset  0.000000  0.000000
$EndPAD
$PAD "1"
Shape Rect Layer front
position -0.750000  0.000000  size  0.800000  0.750000  orientation 0.00
drill  0.000000
shape_offset  0.000000  0.000000
$EndPAD
$EndMODULE  C6

$MODULE "C7"
reference "C7"
value "4.7uF,50V"
footprint "Capacitors_SMD:C_1206"
attribut smd
position 78.100000 88.000000  orientation 0.00
layer front
$PAD "1"
Shape Rect Layer front
position -1.500000  0.000000  size  1.000000  1.600000  orientation 0.00
drill  0.000000
shape_offset  0.000000  0.000000
$EndPAD
$PAD "2"
Shape Rect Layer front
position  1.500000  0.000000  size  1.000000  1.600000  orientation 0.00
drill  0.000000
shape_offset  0.000000  0.000000
$EndPAD
$EndMODULE  C7

$MODULE "C8"
reference "C8"
value "4.7uF,50V"
footprint "Capacitors_SMD:C_1206"
attribut smd
position 78.100000 90.200000  orientation 0.00
layer front
$PAD "1"
Shape Rect Layer front
position -1.500000  0.000000  size  1.000000  1.600000  orientation 0.00
drill  0.000000
shape_offset  0.000000  0.000000
$EndPAD
$PAD "2"
Shape Rect Layer front
position  1.500000  0.000000  size  1.000000  1.600000  orientation 0.00
drill  0.000000
shape_offset  0.000000  0.000000
$EndPAD
$EndMODULE  C8

$MODULE "C9"
reference "C9"
value "4.7uF,50V"
footprint "Capacitors_SMD:C_1206"
attribut smd
position 78.100000 92.400000  orientation 0.00
layer front
$PAD "1"
Shape Rect Layer front
position -1.500000  0.000000  size  1.000000  1.600000  orientation 0.00
drill  0.000000
shape_offset  0.000000  0.000000
$EndPAD
$PAD "2"
Shape Rect Layer front
position  1.500000  0.000000  size  1.000000  1.600000  orientation 0.00
drill  0.000000
shape_offset  0.000000  0.000000
$EndPAD
$EndMODULE  C9

$MODULE "C10"
reference "C10"
value "4.7uF,50V"
footprint "Capacitors_SMD:C_1206"
attribut smd
position 78.100000 94.600000  orientation 0.00
layer front
$PAD "1"
Shape Rect Layer front
position -1.500000  0.000000  size  1.000000  1.600000  orientation 0.00
drill  0.000000
shape_offset  0.000000  0.000000
$EndPAD
$PAD "2"
Shape Rect Layer front
position  1.500000  0.000000  size  1.000000  1.600000  orientation 0.00
drill  0.000000
shape_offset  0.000000  0.000000
$EndPAD
$EndMODULE  C10

$MODULE "C11"
reference "C11"
value "10nF, 50V"
footprint "Capacitors_SMD:C_0603"
attribut smd
position 78.800000 96.350000  orientation 0.00
layer front
$PAD "2"
Shape Rect Layer front
position  0.750000  0.000000  size  0.800000  0.750000  orientation 0.00
drill  0.000000
shape_offset  0.000000  0.000000
$EndPAD
$PAD "1"
Shape Rect Layer front
position -0.750000  0.000000  size  0.800000  0.750000  orientation 0.00
drill  0.000000
shape_offset  0.000000  0.000000
$EndPAD
$EndMODULE  C11

$MODULE "C12"
reference "C12"
value "4.7uF,50V"
footprint "Capacitors_SMD:C_1206"
attribut smd
position 94.700000 87.500000  orientation 270.00
layer front
$PAD "1"
Shape Rect Layer front
position -1.500000  0.000000  size  1.000000  1.600000  orientation 0.00
drill  0.000000
shape_offset  0.000000  0.000000
$EndPAD
$PAD "2"
Shape Rect Layer front
position  1.500000  0.000000  size  1.000000  1.600000  orientation 0.00
drill  0.000000
shape_offset  0.000000  0.000000
$EndPAD
$EndMODULE  C12

$MODULE "C13"
reference "C13"
value "4.7uF,50V"
footprint "Capacitors_SMD:C_1206"
attribut smd
position 96.900000 87.500000  orientation 270.00
layer front
$PAD "1"
Shape Rect Layer front
position -1.500000  0.000000  size  1.000000  1.600000  orientation 0.00
drill  0.000000
shape_offset  0.000000  0.000000
$EndPAD
$PAD "2"
Shape Rect Layer front
position  1.500000  0.000000  size  1.000000  1.600000  orientation 0.00
drill  0.000000
shape_offset  0.000000  0.000000
$EndPAD
$EndMODULE  C13

$MODULE "C14"
reference "C14"
value "100nF"
footprint "Capacitors_SMD:C_0603"
attribut smd
position 87.850000 95.750000  orientation 90.00
layer front
$PAD "2"
Shape Rect Layer front
position  0.750000  0.000000  size  0.800000  0.750000  orientation 0.00
drill  0.000000
shape_offset  0.000000  0.000000
$EndPAD
$PAD "1"
Shape Rect Layer front
position -0.750000  0.000000  size  0.800000  0.750000  orientation 0.00
drill  0.000000
shape_offset  0.000000  0.000000
$EndPAD
$EndMODULE  C14

$MODULE "C16"
reference "C16"
value "100nF"
footprint "Capacitors_SMD:C_0603"
attribut smd
position 82.000000 117.000000  orientation 180.00
layer front
$PAD "2"
Shape Rect Layer front
position  0.750000  0.000000  size  0.800000  0.750000  orientation 0.00
drill  0.000000
shape_offset  0.000000  0.000000
$EndPAD
$PAD "1"
Shape Rect Layer front
position -0.750000  0.000000  size  0.800000  0.750000  orientation 0.00
drill  0.000000
shape_offset  0.000000  0.000000
$EndPAD
$EndMODULE  C16

$MODULE "C17"
reference "C17"
value "4.7uF,50V"
footprint "Capacitors_SMD:C_1206"
attribut smd
position 78.100000 110.000000  orientation 0.00
layer front
$PAD "1"
Shape Rect Layer front
position -1.500000  0.000000  size  1.000000  1.600000  orientation 0.00
drill  0.000000
shape_offset  0.000000  0.000000
$EndPAD
$PAD "2"
Shape Rect Layer front
position  1.500000  0.000000  size  1.000000  1.600000  orientation 0.00
drill  0.000000
shape_offset  0.000000  0.000000
$EndPAD
$EndMODULE  C17

$MODULE "C18"
reference "C18"
value "4.7uF,50V"
footprint "Capacitors_SMD:C_1206"
attribut smd
position 78.100000 112.200000  orientation 0.00
layer front
$PAD "1"
Shape Rect Layer front
position -1.500000  0.000000  size  1.000000  1.600000  orientation 0.00
drill  0.000000
shape_offset  0.000000  0.000000
$EndPAD
$PAD "2"
Shape Rect Layer front
position  1.500000  0.000000  size  1.000000  1.600000  orientation 0.00
drill  0.000000
shape_offset  0.000000  0.000000
$EndPAD
$EndMODULE  C18

$MODULE "C19"
reference "C19"
value "4.7uF,50V"
footprint "Capacitors_SMD:C_1206"
attribut smd
position 78.100000 114.400000  orientation 0.00
layer front
$PAD "1"
Shape Rect Layer front
position -1.500000  0.000000  size  1.000000  1.600000  orientation 0.00
drill  0.000000
shape_offset  0.000000  0.000000
$EndPAD
$PAD "2"
Shape Rect Layer front
position  1.500000  0.000000  size  1.000000  1.600000  orientation 0.00
drill  0.000000
shape_offset  0.000000  0.000000
$EndPAD
$EndMODULE  C19

$MODULE "C20"
reference "C20"
value "4.7uF,50V"
footprint "Capacitors_SMD:C_1206"
attribut smd
position 78.100000 116.600000  orientation 0.00
layer front
$PAD "1"
Shape Rect Layer front
position -1.500000  0.000000  size  1.000000  1.600000  orientation 0.00
drill  0.000000
shape_offset  0.000000  0.000000
$EndPAD
$PAD "2"
Shape Rect Layer front
position  1.500000  0.000000  size  1.000000  1.600000  orientation 0.00
drill  0.000000
shape_offset  0.000000  0.000000
$EndPAD
$EndMODULE  C20

$MODULE "C21"
reference "C21"
value "10nF, 50V"
footprint "Capacitors_SMD:C_0603"
attribut smd
position 78.800000 118.350000  orientation 0.00
layer front
$PAD "2"
Shape Rect Layer front
position  0.750000  0.000000  size  0.800000  0.750000  orientation 0.00
drill  0.000000
shape_offset  0.000000  0.000000
$EndPAD
$PAD "1"
Shape Rect Layer front
position -0.750000  0.000000  size  0.800000  0.750000  orientation 0.00
drill  0.000000
shape_offset  0.000000  0.000000
$EndPAD
$EndMODULE  C21

$MODULE "C22"
reference "C22"
value "4.7uF,50V"
footprint "Capacitors_SMD:C_1206"
attribut smd
position 94.700000 109.500000  orientation 270.00
layer front
$PAD "1"
Shape Rect Layer front
position -1.500000  0.000000  size  1.000000  1.600000  orientation 0.00
drill  0.000000
shape_offset  0.000000  0.000000
$EndPAD
$PAD "2"
Shape Rect Layer front
position  1.500000  0.000000  size  1.000000  1.600000  orientation 0.00
drill  0.000000
shape_offset  0.000000  0.000000
$EndPAD
$EndMODULE  C22

$MODULE "C23"
reference "C23"
value "4.7uF,50V"
footprint "Capacitors_SMD:C_1206"
attribut smd
position 96.900000 109.500000  orientation 270.00
layer front
$PAD "1"
Shape Rect Layer front
position -1.500000  0.000000  size  1.000000  1.600000  orientation 0.00
drill  0.000000
shape_offset  0.000000  0.000000
$EndPAD
$PAD "2"
Shape Rect Layer front
position  1.500000  0.000000  size  1.000000  1.600000  orientation 0.00
drill  0.000000
shape_offset  0.000000  0.000000
$EndPAD
$EndMODULE  C23

$MODULE "C24"
reference "C24"
value "100nF"
footprint "Capacitors_SMD:C_0603"
attribut smd
position 87.850000 117.750000  orientation 90.00
layer front
$PAD "2"
Shape Rect Layer front
position  0.750000  0.000000  size  0.800000  0.750000  orientation 0.00
drill  0.000000
shape_offset  0.000000  0.000000
$EndPAD
$PAD "1"
Shape Rect Layer front
position -0.750000  0.000000  size  0.800000  0.750000  orientation 0.00
drill  0.000000
shape_offset  0.000000  0.000000
$EndPAD
$EndMODULE  C24

$MODULE "C26"
reference "C26"
value "100nF"
footprint "Capacitors_SMD:C_0603"
attribut smd
position 82.000000 73.000000  orientation 180.00
layer front
$PAD "2"
Shape Rect Layer front
position  0.750000  0.000000  size  0.800000  0.750000  orientation 0.00
drill  0.000000
shape_offset  0.000000  0.000000
$EndPAD
$PAD "1"
Shape Rect Layer front
position -0.750000  0.000000  size  0.800000  0.750000  orientation 0.00
drill  0.000000
shape_offset  0.000000  0.000000
$EndPAD
$EndMODULE  C26

$MODULE "C27"
reference "C27"
value "4.7uF,50V"
footprint "Capacitors_SMD:C_1206"
attribut smd
position 78.100000 68.200000  orientation 0.00
layer front
$PAD "1"
Shape Rect Layer front
position -1.500000  0.000000  size  1.000000  1.600000  orientation 0.00
drill  0.000000
shape_offset  0.000000  0.000000
$EndPAD
$PAD "2"
Shape Rect Layer front
position  1.500000  0.000000  size  1.000000  1.600000  orientation 0.00
drill  0.000000
shape_offset  0.000000  0.000000
$EndPAD
$EndMODULE  C27

$MODULE "C28"
reference "C28"
value "4.7uF,50V"
footprint "Capacitors_SMD:C_1206"
attribut smd
position 78.100000 70.400000  orientation 0.00
layer front
$PAD "1"
Shape Rect Layer front
position -1.500000  0.000000  size  1.000000  1.600000  orientation 0.00
drill  0.000000
shape_offset  0.000000  0.000000
$EndPAD
$PAD "2"
Shape Rect Layer front
position  1.500000  0.000000  size  1.000000  1.600000  orientation 0.00
drill  0.000000
shape_offset  0.000000  0.000000
$EndPAD
$EndMODULE  C28

$MODULE "C29"
reference "C29"
value "4.7uF,50V"
footprint "Capacitors_SMD:C_1206"
attribut smd
position 78.100000 72.600000  orientation 0.00
layer front
$PAD "1"
Shape Rect Layer front
position -1.500000  0.000000  size  1.000000  1.600000  orientation 0.00
drill  0.000000
shape_offset  0.000000  0.000000
$EndPAD
$PAD "2"
Shape Rect Layer front
position  1.500000  0.000000  size  1.000000  1.600000  orientation 0.00
drill  0.000000
shape_offset  0.000000  0.000000
$EndPAD
$EndMODULE  C29

$MODULE "C30"
reference "C30"
value "10nF, 50V"
footprint "Capacitors_SMD:C_0603"
attribut smd
position 78.800000 74.350000  orientation 0.00
layer front
$PAD "2"
Shape Rect Layer front
position  0.750000  0.000000  size  0.800000  0.750000  orientation 0.00
drill  0.000000
shape_offset  0.000000  0.000000
$EndPAD
$PAD "1"
Shape Rect Layer front
position -0.750000  0.000000  size  0.800000  0.750000  orientation 0.00
drill  0.000000
shape_offset  0.000000  0.000000
$EndPAD
$EndMODULE  C30

$MODULE "C31"
reference "C31"
value "4.7uF,50V"
footprint "Capacitors_SMD:C_1206"
attribut smd
position 95.900000 65.500000  orientation 270.00
layer front
$PAD "1"
Shape Rect Layer front
position -1.500000  0.000000  size  1.000000  1.600000  orientation 0.00
drill  0.000000
shape_offset  0.000000  0.000000
$EndPAD
$PAD "2"
Shape Rect Layer front
position  1.500000  0.000000  size  1.000000  1.600000  orientation 0.00
drill  0.000000
shape_offset  0.000000  0.000000
$EndPAD
$EndMODULE  C31

$MODULE "C32"
reference "C32"
value "100nF"
footprint "Capacitors_SMD:C_0603"
attribut smd
position 87.850000 73.750000  orientation 90.00
layer front
$PAD "2"
Shape Rect Layer front
position  0.750000  0.000000  size  0.800000  0.750000  orientation 0.00
drill  0.000000
shape_offset  0.000000  0.000000
$EndPAD
$PAD "1"
Shape Rect Layer front
position -0.750000  0.000000  size  0.800000  0.750000  orientation 0.00
drill  0.000000
shape_offset  0.000000  0.000000
$EndPAD
$EndMODULE  C32

$MODULE "C36"
reference "C36"
value "100nF"
footprint "Capacitors_SMD:C_0603"
attribut smd
position 116.650000 72.800000  orientation 90.00
layer front
$PAD "2"
Shape Rect Layer front
position  0.750000  0.000000  size  0.800000  0.750000  orientation 0.00
drill  0.000000
shape_offset  0.000000  0.000000
$EndPAD
$PAD "1"
Shape Rect Layer front
position -0.750000  0.000000  size  0.800000  0.750000  orientation 0.00
drill  0.000000
shape_offset  0.000000  0.000000
$EndPAD
$EndMODULE  C36

$MODULE "C37"
reference "C37"
value "18pF"
footprint "Capacitors_SMD:C_0603"
attribut smd
position 115.850000 69.250000  orientation 90.00
layer front
$PAD "2"
Shape Rect Layer front
position  0.750000  0.000000  size  0.800000  0.750000  orientation 0.00
drill  0.000000
shape_offset  0.000000  0.000000
$EndPAD
$PAD "1"
Shape Rect Layer front
position -0.750000  0.000000  size  0.800000  0.750000  orientation 0.00
drill  0.000000
shape_offset  0.000000  0.000000
$EndPAD
$EndMODULE  C37

$MODULE "C38"
reference "C38"
value "18pF"
footprint "Capacitors_SMD:C_0603"
attribut smd
position 110.150000 69.250000  orientation 270.00
layer front
$PAD "2"
Shape Rect Layer front
position  0.750000  0.000000  size  0.800000  0.750000  orientation 0.00
drill  0.000000
shape_offset  0.000000  0.000000
$EndPAD
$PAD "1"
Shape Rect Layer front
position -0.750000  0.000000  size  0.800000  0.750000  orientation 0.00
drill  0.000000
shape_offset  0.000000  0.000000
$EndPAD
$EndMODULE  C38

$MODULE "D1"
reference "D1"
value "60V, 2A"
footprint "Diodes_SMD:D_SMB"
attribut smd
position 78.100000 83.200000  orientation 90.00
layer front
$PAD "1"
Shape Rect Layer front
position -2.150000  0.000000  size  2.500000  2.300000  orientation 0.00
drill  0.000000
shape_offset  0.000000  0.000000
$EndPAD
$PAD "2"
Shape Rect Layer front
position  2.150000  0.000000  size  2.500000  2.300000  orientation 0.00
drill  0.000000
shape_offset  0.000000  0.000000
$EndPAD
$EndMODULE  D1

$MODULE "D2"
reference "D2"
value "60V, 2A"
footprint "Diodes_SMD:D_SMB"
attribut smd
position 95.900000 93.600000  orientation 270.00
layer front
$PAD "1"
Shape Rect Layer front
position -2.150000  0.000000  size  2.500000  2.300000  orientation 0.00
drill  0.000000
shape_offset  0.000000  0.000000
$EndPAD
$PAD "2"
Shape Rect Layer front
position  2.150000  0.000000  size  2.500000  2.300000  orientation 0.00
drill  0.000000
shape_offset  0.000000  0.000000
$EndPAD
$EndMODULE  D2

$MODULE "D3"
reference "D3"
value "60V, 2A"
footprint "Diodes_SMD:D_SMB"
attribut smd
position 78.100000 105.200000  orientation 90.00
layer front
$PAD "1"
Shape Rect Layer front
position -2.150000  0.000000  size  2.500000  2.300000  orientation 0.00
drill  0.000000
shape_offset  0.000000  0.000000
$EndPAD
$PAD "2"
Shape Rect Layer front
position  2.150000  0.000000  size  2.500000  2.300000  orientation 0.00
drill  0.000000
shape_offset  0.000000  0.000000
$EndPAD
$EndMODULE  D3

$MODULE "D4"
reference "D4"
value "60V, 2A"
footprint "Diodes_SMD:D_SMB"
attribut smd
position 95.900000 115.600000  orientation 270.00
layer front
$PAD "1"
Shape Rect Layer front
position -2.150000  0.000000  size  2.500000  2.300000  orientation 0.00
drill  0.000000
shape_offset  0.000000  0.000000
$EndPAD
$PAD "2"
Shape Rect Layer front
position  2.150000  0.000000  size  2.500000  2.300000  orientation 0.00
drill  0.000000
shape_offset  0.000000  0.000000
$EndPAD
$EndMODULE  D4

$MODULE "D5"
reference "D5"
value "60V, 2A"
footprint "Diodes_SMD:D_SMB"
attribut smd
position 78.100000 62.700000  orientation 90.00
layer front
$PAD "1"
Shape Rect Layer front
position -2.150000  0.000000  size  2.500000  2.300000  orientation 0.00
drill  0.000000
shape_offset  0.000000  0.000000
$EndPAD
$PAD "2"
Shape Rect Layer front
position  2.150000  0.000000  size  2.500000  2.300000  orientation 0.00
drill  0.000000
shape_offset  0.000000  0.000000
$EndPAD
$EndMODULE  D5

$MODULE "D6"
reference "D6"
value "60V, 2A"
footprint "Diodes_SMD:D_SMB"
attribut smd
position 95.900000 71.600000  orientation 270.00
layer front
$PAD "1"
Shape Rect Layer front
position -2.150000  0.000000  size  2.500000  2.300000  orientation 0.00
drill  0.000000
shape_offset  0.000000  0.000000
$EndPAD
$PAD "2"
Shape Rect Layer front
position  2.150000  0.000000  size  2.500000  2.300000  orientation 0.00
drill  0.000000
shape_offset  0.000000  0.000000
$EndPAD
$EndMODULE  D6

$MODULE "D7"
reference "D7"
value "10V"
footprint "FORT:D_SOT-23_KAN"
attribut smd
position 69.850000 139.800000  orientation 180.00
layer front
$PAD "1"
Shape Rect Layer front
position -1.000000 -0.950000  size  0.900000  0.800000  orientation 0.00
drill  0.000000
shape_offset  0.000000  0.000000
$EndPAD
$PAD "2"
Shape Rect Layer front
position -1.000000  0.950000  size  0.900000  0.800000  orientation 0.00
drill  0.000000
shape_offset  0.000000  0.000000
$EndPAD
$PAD ""
Shape Rect Layer front
position  1.000000  0.000000  size  0.900000  0.800000  orientation 0.00
drill  0.000000
shape_offset  0.000000  0.000000
$EndPAD
$EndMODULE  D7

$MODULE "D8"
reference "D8"
value "BAT54"
footprint "Diodes_SMD:D_SOT-23_ANK"
attribut smd
position 105.600000 66.800000  orientation 180.00
layer front
$PAD "2"
Shape Rect Layer front
position -1.000000 -0.950000  size  0.900000  0.800000  orientation 0.00
drill  0.000000
shape_offset  0.000000  0.000000
$EndPAD
$PAD ""
Shape Rect Layer front
position -1.000000  0.950000  size  0.900000  0.800000  orientation 0.00
drill  0.000000
shape_offset  0.000000  0.000000
$EndPAD
$PAD "1"
Shape Rect Layer front
position  1.000000  0.000000  size  0.900000  0.800000  orientation 0.00
drill  0.000000
shape_offset  0.000000  0.000000
$EndPAD
$EndMODULE  D8

$MODULE "D9"
reference "D9"
value "BAT54"
footprint "Diodes_SMD:D_SOT-23_ANK"
attribut smd
position 106.500000 60.850000  orientation 180.00
layer front
$PAD "2"
Shape Rect Layer front
position -1.000000 -0.950000  size  0.900000  0.800000  orientation 0.00
drill  0.000000
shape_offset  0.000000  0.000000
$EndPAD
$PAD ""
Shape Rect Layer front
position -1.000000  0.950000  size  0.900000  0.800000  orientation 0.00
drill  0.000000
shape_offset  0.000000  0.000000
$EndPAD
$PAD "1"
Shape Rect Layer front
position  1.000000  0.000000  size  0.900000  0.800000  orientation 0.00
drill  0.000000
shape_offset  0.000000  0.000000
$EndPAD
$EndMODULE  D9

$MODULE "J4"
reference "J4"
value "Conn_02x03_Odd_Even"
footprint "Pin_Headers:Pin_Header_Straight_2x03_Pitch2.54mm_SMD"
attribut smd
position 111.150000 85.900000  orientation 90.00
layer front
$PAD "1"
Shape Rect Layer front
position -2.525000 -2.540000  size  3.150000  1.000000  orientation 0.00
drill  0.000000
shape_offset  0.000000  0.000000
$EndPAD
$PAD "2"
Shape Rect Layer front
position  2.525000 -2.540000  size  3.150000  1.000000  orientation 0.00
drill  0.000000
shape_offset  0.000000  0.000000
$EndPAD
$PAD "3"
Shape Rect Layer front
position -2.525000  0.000000  size  3.150000  1.000000  orientation 0.00
drill  0.000000
shape_offset  0.000000  0.000000
$EndPAD
$PAD "4"
Shape Rect Layer front
position  2.525000  0.000000  size  3.150000  1.000000  orientation 0.00
drill  0.000000
shape_offset  0.000000  0.000000
$EndPAD
$PAD "5"
Shape Rect Layer front
position -2.525000  2.540000  size  3.150000  1.000000  orientation 0.00
drill  0.000000
shape_offset  0.000000  0.000000
$EndPAD
$PAD "6"
Shape Rect Layer front
position  2.525000  2.540000  size  3.150000  1.000000  orientation 0.00
drill  0.000000
shape_offset  0.000000  0.000000
$EndPAD
$EndMODULE  J4

$MODULE "R2"
reference "R2"
value "33k"
footprint "Resistors_SMD:R_0603"
attribut smd
position 71.400000 56.100000  orientation 0.00
layer front
$PAD "1"
Shape Rect Layer front
position -0.750000  0.000000  size  0.500000  0.900000  orientation 0.00
drill  0.000000
shape_offset  0.000000  0.000000
$EndPAD
$PAD "2"
Shape Rect Layer front
position  0.750000  0.000000  size  0.500000  0.900000  orientation 0.00
drill  0.000000
shape_offset  0.000000  0.000000
$EndPAD
$EndMODULE  R2

$MODULE "R4"
reference "R4"
value "33k"
footprint "Resistors_SMD:R_0603"
attribut smd
position 71.400000 81.700000  orientation 0.00
layer front
$PAD "1"
Shape Rect Layer front
position -0.750000  0.000000  size  0.500000  0.900000  orientation 0.00
drill  0.000000
shape_offset  0.000000  0.000000
$EndPAD
$PAD "2"
Shape Rect Layer front
position  0.750000  0.000000  size  0.500000  0.900000  orientation 0.00
drill  0.000000
shape_offset  0.000000  0.000000
$EndPAD
$EndMODULE  R4

$MODULE "R6"
reference "R6"
value "33k"
footprint "Resistors_SMD:R_0603"
attribut smd
position 71.400000 107.500000  orientation 0.00
layer front
$PAD "1"
Shape Rect Layer front
position -0.750000  0.000000  size  0.500000  0.900000  orientation 0.00
drill  0.000000
shape_offset  0.000000  0.000000
$EndPAD
$PAD "2"
Shape Rect Layer front
position  0.750000  0.000000  size  0.500000  0.900000  orientation 0.00
drill  0.000000
shape_offset  0.000000  0.000000
$EndPAD
$EndMODULE  R6

$MODULE "R7"
reference "R7"
value "1.96M"
footprint "Resistors_SMD:R_0603"
attribut smd
position 76.600000 97.600000  orientation 270.00
layer front
$PAD "1"
Shape Rect Layer front
position -0.750000  0.000000  size  0.500000  0.900000  orientation 0.00
drill  0.000000
shape_offset  0.000000  0.000000
$EndPAD
$PAD "2"
Shape Rect Layer front
position  0.750000  0.000000  size  0.500000  0.900000  orientation 0.00
drill  0.000000
shape_offset  0.000000  0.000000
$EndPAD
$EndMODULE  R7

$MODULE "R8"
reference "R8"
value "10M"
footprint "Resistors_SMD:R_0603"
attribut smd
position 84.900000 100.300000  orientation 180.00
layer front
$PAD "1"
Shape Rect Layer front
position -0.750000  0.000000  size  0.500000  0.900000  orientation 0.00
drill  0.000000
shape_offset  0.000000  0.000000
$EndPAD
$PAD "2"
Shape Rect Layer front
position  0.750000  0.000000  size  0.500000  0.900000  orientation 0.00
drill  0.000000
shape_offset  0.000000  0.000000
$EndPAD
$EndMODULE  R8

$MODULE "R9"
reference "R9"
value "1K"
footprint "Resistors_SMD:R_0603"
attribut smd
position 88.450000 98.100000  orientation 180.00
layer front
$PAD "1"
Shape Rect Layer front
position -0.750000  0.000000  size  0.500000  0.900000  orientation 0.00
drill  0.000000
shape_offset  0.000000  0.000000
$EndPAD
$PAD "2"
Shape Rect Layer front
position  0.750000  0.000000  size  0.500000  0.900000  orientation 0.00
drill  0.000000
shape_offset  0.000000  0.000000
$EndPAD
$EndMODULE  R9

$MODULE "R10"
reference "R10"
value "66.5k"
footprint "Resistors_SMD:R_0603"
attribut smd
position 76.600000 100.200000  orientation 270.00
layer front
$PAD "1"
Shape Rect Layer front
position -0.750000  0.000000  size  0.500000  0.900000  orientation 0.00
drill  0.000000
shape_offset  0.000000  0.000000
$EndPAD
$PAD "2"
Shape Rect Layer front
position  0.750000  0.000000  size  0.500000  0.900000  orientation 0.00
drill  0.000000
shape_offset  0.000000  0.000000
$EndPAD
$EndMODULE  R10

$MODULE "R11"
reference "R11"
value "267k"
footprint "Resistors_SMD:R_0603"
attribut smd
position 79.500000 99.500000  orientation 270.00
layer front
$PAD "1"
Shape Rect Layer front
position -0.750000  0.000000  size  0.500000  0.900000  orientation 0.00
drill  0.000000
shape_offset  0.000000  0.000000
$EndPAD
$PAD "2"
Shape Rect Layer front
position  0.750000  0.000000  size  0.500000  0.900000  orientation 0.00
drill  0.000000
shape_offset  0.000000  0.000000
$EndPAD
$EndMODULE  R11

$MODULE "R13"
reference "R13"
value "0.2, 1%, 0.5W"
footprint "Resistors_SMD:R_1206"
attribut smd
position 91.100000 96.600000  orientation 90.00
layer front
$PAD "1"
Shape Rect Layer front
position -1.450000  0.000000  size  0.900000  1.700000  orientation 0.00
drill  0.000000
shape_offset  0.000000  0.000000
$EndPAD
$PAD "2"
Shape Rect Layer front
position  1.450000  0.000000  size  0.900000  1.700000  orientation 0.00
drill  0.000000
shape_offset  0.000000  0.000000
$EndPAD
$EndMODULE  R13

$MODULE "R14"
reference "R14"
value "1.96M"
footprint "Resistors_SMD:R_0603"
attribut smd
position 76.600000 120.000000  orientation 270.00
layer front
$PAD "1"
Shape Rect Layer front
position -0.750000  0.000000  size  0.500000  0.900000  orientation 0.00
drill  0.000000
shape_offset  0.000000  0.000000
$EndPAD
$PAD "2"
Shape Rect Layer front
position  0.750000  0.000000  size  0.500000  0.900000  orientation 0.00
drill  0.000000
shape_offset  0.000000  0.000000
$EndPAD
$EndMODULE  R14

$MODULE "R15"
reference "R15"
value "10M"
footprint "Resistors_SMD:R_0603"
attribut smd
position 85.000000 122.500000  orientation 180.00
layer front
$PAD "1"
Shape Rect Layer front
position -0.750000  0.000000  size  0.500000  0.900000  orientation 0.00
drill  0.000000
shape_offset  0.000000  0.000000
$EndPAD
$PAD "2"
Shape Rect Layer front
position  0.750000  0.000000  size  0.500000  0.900000  orientation 0.00
drill  0.000000
shape_offset  0.000000  0.000000
$EndPAD
$EndMODULE  R15

$MODULE "R16"
reference "R16"
value "1K"
footprint "Resistors_SMD:R_0603"
attribut smd
position 88.450000 120.100000  orientation 180.00
layer front
$PAD "1"
Shape Rect Layer front
position -0.750000  0.000000  size  0.500000  0.900000  orientation 0.00
drill  0.000000
shape_offset  0.000000  0.000000
$EndPAD
$PAD "2"
Shape Rect Layer front
position  0.750000  0.000000  size  0.500000  0.900000  orientation 0.00
drill  0.000000
shape_offset  0.000000  0.000000
$EndPAD
$EndMODULE  R16

$MODULE "R17"
reference "R17"
value "66.5k"
footprint "Resistors_SMD:R_0603"
attribut smd
position 76.600000 122.600000  orientation 270.00
layer front
$PAD "1"
Shape Rect Layer front
position -0.750000  0.000000  size  0.500000  0.900000  orientation 0.00
drill  0.000000
shape_offset  0.000000  0.000000
$EndPAD
$PAD "2"
Shape Rect Layer front
position  0.750000  0.000000  size  0.500000  0.900000  orientation 0.00
drill  0.000000
shape_offset  0.000000  0.000000
$EndPAD
$EndMODULE  R17

$MODULE "R18"
reference "R18"
value "267k"
footprint "Resistors_SMD:R_0603"
attribut smd
position 79.600000 121.500000  orientation 270.00
layer front
$PAD "1"
Shape Rect Layer front
position -0.750000  0.000000  size  0.500000  0.900000  orientation 0.00
drill  0.000000
shape_offset  0.000000  0.000000
$EndPAD
$PAD "2"
Shape Rect Layer front
position  0.750000  0.000000  size  0.500000  0.900000  orientation 0.00
drill  0.000000
shape_offset  0.000000  0.000000
$EndPAD
$EndMODULE  R18

$MODULE "R20"
reference "R20"
value "0.2, 1%, 0.5W"
footprint "Resistors_SMD:R_1206"
attribut smd
position 91.100000 118.600000  orientation 90.00
layer front
$PAD "1"
Shape Rect Layer front
position -1.450000  0.000000  size  0.900000  1.700000  orientation 0.00
drill  0.000000
shape_offset  0.000000  0.000000
$EndPAD
$PAD "2"
Shape Rect Layer front
position  1.450000  0.000000  size  0.900000  1.700000  orientation 0.00
drill  0.000000
shape_offset  0.000000  0.000000
$EndPAD
$EndMODULE  R20

$MODULE "R21"
reference "R21"
value "1.96M"
footprint "Resistors_SMD:R_0603"
attribut smd
position 76.600000 75.600000  orientation 270.00
layer front
$PAD "1"
Shape Rect Layer front
position -0.750000  0.000000  size  0.500000  0.900000  orientation 0.00
drill  0.000000
shape_offset  0.000000  0.000000
$EndPAD
$PAD "2"
Shape Rect Layer front
position  0.750000  0.000000  size  0.500000  0.900000  orientation 0.00
drill  0.000000
shape_offset  0.000000  0.000000
$EndPAD
$EndMODULE  R21

$MODULE "R22"
reference "R22"
value "10M"
footprint "Resistors_SMD:R_0603"
attribut smd
position 84.900000 78.300000  orientation 180.00
layer front
$PAD "1"
Shape Rect Layer front
position -0.750000  0.000000  size  0.500000  0.900000  orientation 0.00
drill  0.000000
shape_offset  0.000000  0.000000
$EndPAD
$PAD "2"
Shape Rect Layer front
position  0.750000  0.000000  size  0.500000  0.900000  orientation 0.00
drill  0.000000
shape_offset  0.000000  0.000000
$EndPAD
$EndMODULE  R22

$MODULE "R23"
reference "R23"
value "1K"
footprint "Resistors_SMD:R_0603"
attribut smd
position 88.450000 76.100000  orientation 180.00
layer front
$PAD "1"
Shape Rect Layer front
position -0.750000  0.000000  size  0.500000  0.900000  orientation 0.00
drill  0.000000
shape_offset  0.000000  0.000000
$EndPAD
$PAD "2"
Shape Rect Layer front
position  0.750000  0.000000  size  0.500000  0.900000  orientation 0.00
drill  0.000000
shape_offset  0.000000  0.000000
$EndPAD
$EndMODULE  R23

$MODULE "R24"
reference "R24"
value "66.5k"
footprint "Resistors_SMD:R_0603"
attribut smd
position 76.600000 78.200000  orientation 270.00
layer front
$PAD "1"
Shape Rect Layer front
position -0.750000  0.000000  size  0.500000  0.900000  orientation 0.00
drill  0.000000
shape_offset  0.000000  0.000000
$EndPAD
$PAD "2"
Shape Rect Layer front
position  0.750000  0.000000  size  0.500000  0.900000  orientation 0.00
drill  0.000000
shape_offset  0.000000  0.000000
$EndPAD
$EndMODULE  R24

$MODULE "R25"
reference "R25"
value "162k"
footprint "Resistors_SMD:R_0603"
attribut smd
position 79.600000 77.500000  orientation 270.00
layer front
$PAD "1"
Shape Rect Layer front
position -0.750000  0.000000  size  0.500000  0.900000  orientation 0.00
drill  0.000000
shape_offset  0.000000  0.000000
$EndPAD
$PAD "2"
Shape Rect Layer front
position  0.750000  0.000000  size  0.500000  0.900000  orientation 0.00
drill  0.000000
shape_offset  0.000000  0.000000
$EndPAD
$EndMODULE  R25

$MODULE "R27"
reference "R27"
value "0.33, 1%, 0.5W"
footprint "Resistors_SMD:R_0805"
attribut smd
position 91.100000 74.600000  orientation 90.00
layer front
$PAD "1"
Shape Rect Layer front
position -0.950000  0.000000  size  0.700000  1.300000  orientation 0.00
drill  0.000000
shape_offset  0.000000  0.000000
$EndPAD
$PAD "2"
Shape Rect Layer front
position  0.950000  0.000000  size  0.700000  1.300000  orientation 0.00
drill  0.000000
shape_offset  0.000000  0.000000
$EndPAD
$EndMODULE  R27

$MODULE "R29"
reference "R29"
value "100K"
footprint "Resistors_SMD:R_0603"
attribut smd
position 69.400000 137.200000  orientation 180.00
layer front
$PAD "1"
Shape Rect Layer front
position -0.750000  0.000000  size  0.500000  0.900000  orientation 0.00
drill  0.000000
shape_offset  0.000000  0.000000
$EndPAD
$PAD "2"
Shape Rect Layer front
position  0.750000  0.000000  size  0.500000  0.900000  orientation 0.00
drill  0.000000
shape_offset  0.000000  0.000000
$EndPAD
$EndMODULE  R29

$MODULE "R30"
reference "R30"
value "10K"
footprint "Resistors_SMD:R_0603"
attribut smd
position 58.650000 134.000000  orientation 180.00
layer front
$PAD "1"
Shape Rect Layer front
position -0.750000  0.000000  size  0.500000  0.900000  orientation 0.00
drill  0.000000
shape_offset  0.000000  0.000000
$EndPAD
$PAD "2"
Shape Rect Layer front
position  0.750000  0.000000  size  0.500000  0.900000  orientation 0.00
drill  0.000000
shape_offset  0.000000  0.000000
$EndPAD
$EndMODULE  R30

$MODULE "R31"
reference "R31"
value "100K"
footprint "Resistors_SMD:R_0603"
attribut smd
position 58.650000 135.600000  orientation 180.00
layer front
$PAD "1"
Shape Rect Layer front
position -0.750000  0.000000  size  0.500000  0.900000  orientation 0.00
drill  0.000000
shape_offset  0.000000  0.000000
$EndPAD
$PAD "2"
Shape Rect Layer front
position  0.750000  0.000000  size  0.500000  0.900000  orientation 0.00
drill  0.000000
shape_offset  0.000000  0.000000
$EndPAD
$EndMODULE  R31

$MODULE "R32"
reference "R32"
value "100K"
footprint "Resistors_SMD:R_0603"
attribut smd
position 69.400000 135.600000  orientation 0.00
layer front
$PAD "1"
Shape Rect Layer front
position -0.750000  0.000000  size  0.500000  0.900000  orientation 0.00
drill  0.000000
shape_offset  0.000000  0.000000
$EndPAD
$PAD "2"
Shape Rect Layer front
position  0.750000  0.000000  size  0.500000  0.900000  orientation 0.00
drill  0.000000
shape_offset  0.000000  0.000000
$EndPAD
$EndMODULE  R32

$MODULE "R33"
reference "R33"
value "2.94K"
footprint "Resistors_SMD:R_0603"
attribut smd
position 69.400000 134.000000  orientation 0.00
layer front
$PAD "1"
Shape Rect Layer front
position -0.750000  0.000000  size  0.500000  0.900000  orientation 0.00
drill  0.000000
shape_offset  0.000000  0.000000
$EndPAD
$PAD "2"
Shape Rect Layer front
position  0.750000  0.000000  size  0.500000  0.900000  orientation 0.00
drill  0.000000
shape_offset  0.000000  0.000000
$EndPAD
$EndMODULE  R33

$MODULE "R35"
reference "R35"
value "100K"
footprint "Resistors_SMD:R_0603"
attribut smd
position 114.950000 116.500000  orientation 0.00
layer front
$PAD "1"
Shape Rect Layer front
position -0.750000  0.000000  size  0.500000  0.900000  orientation 0.00
drill  0.000000
shape_offset  0.000000  0.000000
$EndPAD
$PAD "2"
Shape Rect Layer front
position  0.750000  0.000000  size  0.500000  0.900000  orientation 0.00
drill  0.000000
shape_offset  0.000000  0.000000
$EndPAD
$EndMODULE  R35

$MODULE "R36"
reference "R36"
value "100K"
footprint "Resistors_SMD:R_0603"
attribut smd
position 104.400000 69.900000  orientation 90.00
layer front
$PAD "1"
Shape Rect Layer front
position -0.750000  0.000000  size  0.500000  0.900000  orientation 0.00
drill  0.000000
shape_offset  0.000000  0.000000
$EndPAD
$PAD "2"
Shape Rect Layer front
position  0.750000  0.000000  size  0.500000  0.900000  orientation 0.00
drill  0.000000
shape_offset  0.000000  0.000000
$EndPAD
$EndMODULE  R36

$MODULE "R37"
reference "R37"
value "12.7k"
footprint "Resistors_SMD:R_0603"
attribut smd
position 105.900000 69.900000  orientation 270.00
layer front
$PAD "1"
Shape Rect Layer front
position -0.750000  0.000000  size  0.500000  0.900000  orientation 0.00
drill  0.000000
shape_offset  0.000000  0.000000
$EndPAD
$PAD "2"
Shape Rect Layer front
position  0.750000  0.000000  size  0.500000  0.900000  orientation 0.00
drill  0.000000
shape_offset  0.000000  0.000000
$EndPAD
$EndMODULE  R37

$MODULE "R38"
reference "R38"
value "10K"
footprint "Resistors_SMD:R_0603"
attribut smd
position 106.900000 63.400000  orientation 0.00
layer front
$PAD "1"
Shape Rect Layer front
position -0.750000  0.000000  size  0.500000  0.900000  orientation 0.00
drill  0.000000
shape_offset  0.000000  0.000000
$EndPAD
$PAD "2"
Shape Rect Layer front
position  0.750000  0.000000  size  0.500000  0.900000  orientation 0.00
drill  0.000000
shape_offset  0.000000  0.000000
$EndPAD
$EndMODULE  R38

$MODULE "SW1"
reference "SW1"
value "SW_Push"
footprint "Buttons_Switches_THT:SW_PUSH_6mm"
attribut none
position 109.900000 60.600000  orientation 0.00
layer front
$PAD "2"
Shape Circle Layer both
position  0.000000  4.500000  size  2.000000  2.000000  orientation 90.00
drill  1.100000
shape_offset  0.000000  0.000000
$EndPAD
$PAD "1"
Shape Circle Layer both
position  0.000000  0.000000  size  2.000000  2.000000  orientation 90.00
drill  1.100000
shape_offset  0.000000  0.000000
$EndPAD
$PAD "2"
Shape Circle Layer both
position  6.500000  4.500000  size  2.000000  2.000000  orientation 90.00
drill  1.100000
shape_offset  0.000000  0.000000
$EndPAD
$PAD "1"
Shape Circle Layer both
position  6.500000  0.000000  size  2.000000  2.000000  orientation 90.00
drill  1.100000
shape_offset  0.000000  0.000000
$EndPAD
$EndMODULE  SW1

$MODULE "U5"
reference "U5"
value "TPS1H100AQ"
footprint "FORT:HTSSOP-14-1EP_4.4x6.5mm_Pitch0.65mm_ThermalPad"
attribut smd
position 64.000000 136.000000  orientation 0.00
layer front
$PAD "1"
Shape Oval Layer front
position -2.800000 -1.950000  size  1.600000  0.300000  orientation 0.00
drill  0.000000
shape_offset  0.000000  0.000000
$EndPAD
$PAD "2"
Shape Rect Layer front
position -2.800000 -1.300000  size  1.600000  0.300000  orientation 0.00
drill  0.000000
shape_offset  0.000000  0.000000
$EndPAD
$PAD "3"
Shape Rect Layer front
position -2.800000 -0.650000  size  1.600000  0.300000  orientation 0.00
drill  0.000000
shape_offset  0.000000  0.000000
$EndPAD
$PAD "4"
Shape Rect Layer front
position -2.800000  0.000000  size  1.600000  0.300000  orientation 0.00
drill  0.000000
shape_offset  0.000000  0.000000
$EndPAD
$PAD "5"
Shape Rect Layer front
position -2.800000  0.650000  size  1.600000  0.300000  orientation 0.00
drill  0.000000
shape_offset  0.000000  0.000000
$EndPAD
$PAD "6"
Shape Rect Layer front
position -2.800000  1.300000  size  1.600000  0.300000  orientation 0.00
drill  0.000000
shape_offset  0.000000  0.000000
$EndPAD
$PAD "7"
Shape Rect Layer front
position -2.800000  1.950000  size  1.600000  0.300000  orientation 0.00
drill  0.000000
shape_offset  0.000000  0.000000
$EndPAD
$PAD "8"
Shape Rect Layer front
position  2.800000  1.950000  size  1.600000  0.300000  orientation 0.00
drill  0.000000
shape_offset  0.000000  0.000000
$EndPAD
$PAD "9"
Shape Rect Layer front
position  2.800000  1.300000  size  1.600000  0.300000  orientation 0.00
drill  0.000000
shape_offset  0.000000  0.000000
$EndPAD
$PAD "10"
Shape Rect Layer front
position  2.800000  0.650000  size  1.600000  0.300000  orientation 0.00
drill  0.000000
shape_offset  0.000000  0.000000
$EndPAD
$PAD "11"
Shape Rect Layer front
position  2.800000  0.000000  size  1.600000  0.300000  orientation 0.00
drill  0.000000
shape_offset  0.000000  0.000000
$EndPAD
$PAD "12"
Shape Rect Layer front
position  2.800000 -0.650000  size  1.600000  0.300000  orientation 0.00
drill  0.000000
shape_offset  0.000000  0.000000
$EndPAD
$PAD "13"
Shape Rect Layer front
position  2.800000 -1.300000  size  1.600000  0.300000  orientation 0.00
drill  0.000000
shape_offset  0.000000  0.000000
$EndPAD
$PAD "14"
Shape Rect Layer front
position  2.800000 -1.950000  size  1.600000  0.300000  orientation 0.00
drill  0.000000
shape_offset  0.000000  0.000000
$EndPAD
$PAD "15"
Shape Rect Layer front
position  0.000000  0.000000  size  2.460000  2.310000  orientation 0.00
drill  0.000000
shape_offset  0.000000  0.000000
$EndPAD
$PAD "15"
Shape Rect Layer front
position  0.000000  0.000000  size  3.400000  5.000000  orientation 0.00
drill  0.000000
shape_offset  0.000000  0.000000
$EndPAD
$PAD "15"
Shape Circle Layer both
position  0.750000  0.000000  size  0.500000  0.500000  orientation 0.00
drill  0.400000
shape_offset  0.000000  0.000000
$EndPAD
$PAD "15"
Shape Circle Layer both
position -0.750000 -1.500000  size  0.500000  0.500000  orientation 0.00
drill  0.400000
shape_offset  0.000000  0.000000
$EndPAD
$PAD "15"
Shape Circle Layer both
position -0.750000  0.000000  size  0.500000  0.500000  orientation 0.00
drill  0.400000
shape_offset  0.000000  0.000000
$EndPAD
$PAD "15"
Shape Circle Layer both
position  0.750000  1.500000  size  0.500000  0.500000  orientation 0.00
drill  0.400000
shape_offset  0.000000  0.000000
$EndPAD
$PAD "15"
Shape Circle Layer both
position -0.750000  1.500000  size  0.500000  0.500000  orientation 0.00
drill  0.400000
shape_offset  0.000000  0.000000
$EndPAD
$PAD "15"
Shape Circle Layer both
position  0.750000 -1.500000  size  0.500000  0.500000  orientation 0.00
drill  0.400000
shape_offset  0.000000  0.000000
$EndPAD
$EndMODULE  U5

$MODULE "Q1"
reference "Q1"
value "IRF9Z34NPbF"
footprint "TO_SOT_Packages_THT:TO-220_Vertical"
attribut none
position 73.800000 134.710000  orientation 270.00
layer front
$PAD "1"
Shape Rect Layer both
position  0.000000  0.000000  size  1.800000  1.800000  orientation 0.00
drill  1.000000
shape_offset  0.000000  0.000000
$EndPAD
$PAD "2"
Shape Oval Layer both
position  2.540000  0.000000  size  1.800000  1.800000  orientation 0.00
drill  1.000000
shape_offset  0.000000  0.000000
$EndPAD
$PAD "3"
Shape Oval Layer both
position  5.080000  0.000000  size  1.800000  1.800000  orientation 0.00
drill  1.000000
shape_offset  0.000000  0.000000
$EndPAD
$EndMODULE  Q1

$MODULE "Q2"
reference "Q2"
value "PMV48XP,215"
footprint "TO_SOT_Packages_SMD:SOT-23"
attribut smd
position 111.450000 115.500000  orientation 180.00
layer front
$PAD "1"
Shape Rect Layer front
position -1.000000 -0.950000  size  0.900000  0.800000  orientation 0.00
drill  0.000000
shape_offset  0.000000  0.000000
$EndPAD
$PAD "2"
Shape Rect Layer front
position -1.000000  0.950000  size  0.900000  0.800000  orientation 0.00
drill  0.000000
shape_offset  0.000000  0.000000
$EndPAD
$PAD "3"
Shape Rect Layer front
position  1.000000  0.000000  size  0.900000  0.800000  orientation 0.00
drill  0.000000
shape_offset  0.000000  0.000000
$EndPAD
$EndMODULE  Q2

$MODULE "D10"
reference "D10"
value "SMAJ6.0A"
footprint "Diodes_SMD:D_SMA"
attribut smd
position 106.800000 109.700000  orientation 90.00
layer front
$PAD "1"
Shape Rect Layer front
position -2.000000  0.000000  size  2.500000  1.800000  orientation 0.00
drill  0.000000
shape_offset  0.000000  0.000000
$EndPAD
$PAD "2"
Shape Rect Layer front
position  2.000000  0.000000  size  2.500000  1.800000  orientation 0.00
drill  0.000000
shape_offset  0.000000  0.000000
$EndPAD
$EndMODULE  D10

$MODULE "D11"
reference "D11"
value "SMAJ6.0A"
footprint "Diodes_SMD:D_SMA"
attribut smd
position 110.400000 109.700000  orientation 90.00
layer front
$PAD "1"
Shape Rect Layer front
position -2.000000  0.000000  size  2.500000  1.800000  orientation 0.00
drill  0.000000
shape_offset  0.000000  0.000000
$EndPAD
$PAD "2"
Shape Rect Layer front
position  2.000000  0.000000  size  2.500000  1.800000  orientation 0.00
drill  0.000000
shape_offset  0.000000  0.000000
$EndPAD
$EndMODULE  D11

$MODULE "D12"
reference "D12"
value "SMAJ6.0A"
footprint "Diodes_SMD:D_SMA"
attribut smd
position 103.410000 120.380000  orientation 90.00
layer front
$PAD "1"
Shape Rect Layer front
position -2.000000  0.000000  size  2.500000  1.800000  orientation 0.00
drill  0.000000
shape_offset  0.000000  0.000000
$EndPAD
$PAD "2"
Shape Rect Layer front
position  2.000000  0.000000  size  2.500000  1.800000  orientation 0.00
drill  0.000000
shape_offset  0.000000  0.000000
$EndPAD
$EndMODULE  D12

$MODULE "D13"
reference "D13"
value "SMAJ6.0A"
footprint "Diodes_SMD:D_SMA"
attribut smd
position 107.010000 120.380000  orientation 90.00
layer front
$PAD "1"
Shape Rect Layer front
position -2.000000  0.000000  size  2.500000  1.800000  orientation 0.00
drill  0.000000
shape_offset  0.000000  0.000000
$EndPAD
$PAD "2"
Shape Rect Layer front
position  2.000000  0.000000  size  2.500000  1.800000  orientation 0.00
drill  0.000000
shape_offset  0.000000  0.000000
$EndPAD
$EndMODULE  D13

$MODULE "R1"
reference "R1"
value "15, 0.5W"
footprint "Resistors_SMD:R_1206"
attribut smd
position 52.300000 53.950000  orientation 180.00
layer front
$PAD "1"
Shape Rect Layer front
position -1.450000  0.000000  size  0.900000  1.700000  orientation 0.00
drill  0.000000
shape_offset  0.000000  0.000000
$EndPAD
$PAD "2"
Shape Rect Layer front
position  1.450000  0.000000  size  0.900000  1.700000  orientation 0.00
drill  0.000000
shape_offset  0.000000  0.000000
$EndPAD
$EndMODULE  R1

$MODULE "R3"
reference "R3"
value "4.7, 3/4W"
footprint "Resistors_SMD:R_2010"
attribut smd
position 53.400000 80.900000  orientation 180.00
layer front
$PAD "1"
Shape Rect Layer front
position -2.450000  0.000000  size  1.000000  2.500000  orientation 0.00
drill  0.000000
shape_offset  0.000000  0.000000
$EndPAD
$PAD "2"
Shape Rect Layer front
position  2.450000  0.000000  size  1.000000  2.500000  orientation 0.00
drill  0.000000
shape_offset  0.000000  0.000000
$EndPAD
$EndMODULE  R3

$MODULE "R5"
reference "R5"
value "4.7, 3/4W"
footprint "Resistors_SMD:R_2010"
attribut smd
position 53.350000 106.650000  orientation 180.00
layer front
$PAD "1"
Shape Rect Layer front
position -2.450000  0.000000  size  1.000000  2.500000  orientation 0.00
drill  0.000000
shape_offset  0.000000  0.000000
$EndPAD
$PAD "2"
Shape Rect Layer front
position  2.450000  0.000000  size  1.000000  2.500000  orientation 0.00
drill  0.000000
shape_offset  0.000000  0.000000
$EndPAD
$EndMODULE  R5

$MODULE "L3"
reference "L3"
value "100uH, 2.5A"
footprint "FORT:7447709101"
attribut smd
position 87.000000 65.500000  orientation 90.00
layer front
$PAD "1"
Shape Rect Layer front
position -4.950000  0.000000  size  2.900000  5.400000  orientation 0.00
drill  0.000000
shape_offset  0.000000  0.000000
$EndPAD
$PAD "2"
Shape Rect Layer front
position  4.950000  0.000000  size  2.900000  5.400000  orientation 0.00
drill  0.000000
shape_offset  0.000000  0.000000
$EndPAD
$EndMODULE  L3

$MODULE "L2"
reference "L2"
value "100uH, 2.5A"
footprint "FORT:7447709101"
attribut smd
position 87.000000 109.500000  orientation 90.00
layer front
$PAD "1"
Shape Rect Layer front
position -4.950000  0.000000  size  2.900000  5.400000  orientation 0.00
drill  0.000000
shape_offset  0.000000  0.000000
$EndPAD
$PAD "2"
Shape Rect Layer front
position  4.950000  0.000000  size  2.900000  5.400000  orientation 0.00
drill  0.000000
shape_offset  0.000000  0.000000
$EndPAD
$EndMODULE  L2

$MODULE "L1"
reference "L1"
value "100uH, 2.5A"
footprint "FORT:7447709101"
attribut smd
position 87.000000 87.500000  orientation 90.00
layer front
$PAD "1"
Shape Rect Layer front
position -4.950000  0.000000  size  2.900000  5.400000  orientation 0.00
drill  0.000000
shape_offset  0.000000  0.000000
$EndPAD
$PAD "2"
Shape Rect Layer front
position  4.950000  0.000000  size  2.900000  5.400000  orientation 0.00
drill  0.000000
shape_offset  0.000000  0.000000
$EndPAD
$EndMODULE  L1

$MODULE "J1"
reference "J1"
value "Conn_02x04_Top_Bottom"
footprint "FORT:Molex_MiniFit-JR-5569-08A2_2x04x4.20mm_Angled"
attribut none
position 92.400000 133.000000  orientation 180.00
layer front
$PAD "1"
Shape Rect Layer both
position  0.000000  0.000000  size  3.000000  3.000000  orientation 0.00
drill  1.800000
shape_offset  0.000000  0.000000
$EndPAD
$PAD "2"
Shape Circle Layer both
position  4.200000  0.000000  size  3.000000  3.000000  orientation 0.00
drill  1.800000
shape_offset  0.000000  0.000000
$EndPAD
$PAD "3"
Shape Circle Layer both
position  8.400000  0.000000  size  3.000000  3.000000  orientation 0.00
drill  1.800000
shape_offset  0.000000  0.000000
$EndPAD
$PAD "4"
Shape Circle Layer both
position 12.600000  0.000000  size  3.000000  3.000000  orientation 0.00
drill  1.800000
shape_offset  0.000000  0.000000
$EndPAD
$PAD "5"
Shape Circle Layer both
position  0.000000  5.500000  size  3.000000  3.000000  orientation 0.00
drill  1.800000
shape_offset  0.000000  0.000000
$EndPAD
$PAD "6"
Shape Circle Layer both
position  4.200000  5.500000  size  3.000000  3.000000  orientation 0.00
drill  1.800000
shape_offset  0.000000  0.000000
$EndPAD
$PAD "7"
Shape Circle Layer both
position  8.400000  5.500000  size  3.000000  3.000000  orientation 0.00
drill  1.800000
shape_offset  0.000000  0.000000
$EndPAD
$PAD "8"
Shape Circle Layer both
position 12.600000  5.500000  size  3.000000  3.000000  orientation 0.00
drill  1.800000
shape_offset  0.000000  0.000000
$EndPAD
$PAD ""
Shape Circle Layer both
position  0.000000 -7.300000  size  3.000000  3.000000  orientation 0.00
drill  3.000000
shape_offset  0.000000  0.000000
$EndPAD
$PAD ""
Shape Circle Layer both
position 12.600000 -7.300000  size  3.000000  3.000000  orientation 0.00
drill  3.000000
shape_offset  0.000000  0.000000
$EndPAD
$EndMODULE  J1

$MODULE "C3"
reference "C3"
value "4.7mF"
footprint "FORT:CP_Radial_D25.0mm_P10.00mm_H32mm_SnapIn"
attribut none
position 63.000000 63.000000  orientation 270.00
layer front
$PAD "1"
Shape Rect Layer both
position  0.000000  0.000000  size  4.000000  4.000000  orientation 0.00
drill  2.000000
shape_offset  0.000000  0.000000
$EndPAD
$PAD "2"
Shape Circle Layer both
position 10.000000  0.000000  size  4.000000  4.000000  orientation 0.00
drill  2.000000
shape_offset  0.000000  0.000000
$EndPAD
$EndMODULE  C3

$MODULE "C4"
reference "C4"
value "4.7mF"
footprint "FORT:CP_Radial_D25.0mm_P10.00mm_H32mm_SnapIn"
attribut none
position 63.000000 88.750000  orientation 270.00
layer front
$PAD "1"
Shape Rect Layer both
position  0.000000  0.000000  size  4.000000  4.000000  orientation 0.00
drill  2.000000
shape_offset  0.000000  0.000000
$EndPAD
$PAD "2"
Shape Circle Layer both
position 10.000000  0.000000  size  4.000000  4.000000  orientation 0.00
drill  2.000000
shape_offset  0.000000  0.000000
$EndPAD
$EndMODULE  C4

$MODULE "C5"
reference "C5"
value "4.7mF"
footprint "FORT:CP_Radial_D25.0mm_P10.00mm_H32mm_SnapIn"
attribut none
position 63.000000 114.500000  orientation 270.00
layer front
$PAD "1"
Shape Rect Layer both
position  0.000000  0.000000  size  4.000000  4.000000  orientation 0.00
drill  2.000000
shape_offset  0.000000  0.000000
$EndPAD
$PAD "2"
Shape Circle Layer both
position 10.000000  0.000000  size  4.000000  4.000000  orientation 0.00
drill  2.000000
shape_offset  0.000000  0.000000
$EndPAD
$EndMODULE  C5

$MODULE "R28"
reference "R28"
value "47, 5W"
footprint "Resistors_THT:R_Radial_Power_L13.0mm_W9.0mm_P5.00mm"
attribut none
position 72.500000 49.000000  orientation 180.00
layer front
$PAD "1"
Shape Circle Layer both
position  0.000000  0.000000  size  2.400000  2.400000  orientation 0.00
drill  1.200000
shape_offset  0.000000  0.000000
$EndPAD
$PAD "2"
Shape Circle Layer both
position  5.000000  0.000000  size  2.400000  2.400000  orientation 0.00
drill  1.200000
shape_offset  0.000000  0.000000
$EndPAD
$EndMODULE  R28

$MODULE "REF**"
reference "REF**"
value "MountingHole_3.2mm_M3_DIN965"
footprint "Mounting_Holes:MountingHole_3.2mm_M3_DIN965"
attribut none
position 58.500000 47.000000  orientation 0.00
layer front
$PAD "1"
Shape Circle Layer both
position  0.000000  0.000000  size  3.200000  3.200000  orientation 0.00
drill  3.200000
shape_offset  0.000000  0.000000
$EndPAD
$EndMODULE  REF**

$MODULE "REF**"
reference "REF**"
value "MountingHole_3.2mm_M3_DIN965"
footprint "Mounting_Holes:MountingHole_3.2mm_M3_DIN965"
attribut none
position 116.500000 122.000000  orientation 0.00
layer front
$PAD "1"
Shape Circle Layer both
position  0.000000  0.000000  size  3.200000  3.200000  orientation 0.00
drill  3.200000
shape_offset  0.000000  0.000000
$EndPAD
$EndMODULE  REF**

$MODULE "R12"
reference "R12"
value "100"
footprint "Resistors_SMD:R_0603"
attribut smd
position 110.800000 92.700000  orientation 0.00
layer front
$PAD "1"
Shape Rect Layer front
position -0.750000  0.000000  size  0.500000  0.900000  orientation 0.00
drill  0.000000
shape_offset  0.000000  0.000000
$EndPAD
$PAD "2"
Shape Rect Layer front
position  0.750000  0.000000  size  0.500000  0.900000  orientation 0.00
drill  0.000000
shape_offset  0.000000  0.000000
$EndPAD
$EndMODULE  R12

$MODULE "REF**"
reference "REF**"
value "MountingHole_3.2mm_M3_DIN965"
footprint "Mounting_Holes:MountingHole_3.2mm_M3_DIN965"
attribut none
position 116.500000 47.000000  orientation 0.00
layer front
$PAD "1"
Shape Circle Layer both
position  0.000000  0.000000  size  3.200000  3.200000  orientation 0.00
drill  3.200000
shape_offset  0.000000  0.000000
$EndPAD
$EndMODULE  REF**

$MODULE "REF***"
reference "REF***"
value "OSHW-Logo2_14.6x12mm_SilkScreen"
footprint "Symbols:OSHW-Logo2_14.6x12mm_SilkScreen"
attribut virtual
position 107.500000 51.500000  orientation 90.00
layer front
$EndMODULE  REF***

$MODULE "R19"
reference "R19"
value "100K"
footprint "Resistors_SMD:R_0603"
attribut smd
position 78.100000 122.600000  orientation 270.00
layer front
$PAD "1"
Shape Rect Layer front
position -0.750000  0.000000  size  0.500000  0.900000  orientation 0.00
drill  0.000000
shape_offset  0.000000  0.000000
$EndPAD
$PAD "2"
Shape Rect Layer front
position  0.750000  0.000000  size  0.500000  0.900000  orientation 0.00
drill  0.000000
shape_offset  0.000000  0.000000
$EndPAD
$EndMODULE  R19

$MODULE "R26"
reference "R26"
value "100K"
footprint "Resistors_SMD:R_0603"
attribut smd
position 78.100000 78.200000  orientation 270.00
layer front
$PAD "1"
Shape Rect Layer front
position -0.750000  0.000000  size  0.500000  0.900000  orientation 0.00
drill  0.000000
shape_offset  0.000000  0.000000
$EndPAD
$PAD "2"
Shape Rect Layer front
position  0.750000  0.000000  size  0.500000  0.900000  orientation 0.00
drill  0.000000
shape_offset  0.000000  0.000000
$EndPAD
$EndMODULE  R26

$MODULE "C15"
reference "C15"
value "1uF"
footprint "Capacitors_SMD:C_0603"
attribut smd
position 114.800000 109.100000  orientation 0.00
layer front
$PAD "2"
Shape Rect Layer front
position  0.750000  0.000000  size  0.800000  0.750000  orientation 0.00
drill  0.000000
shape_offset  0.000000  0.000000
$EndPAD
$PAD "1"
Shape Rect Layer front
position -0.750000  0.000000  size  0.800000  0.750000  orientation 0.00
drill  0.000000
shape_offset  0.000000  0.000000
$EndPAD
$EndMODULE  C15

$MODULE "C25"
reference "C25"
value "0.01uF"
footprint "Capacitors_SMD:C_0603"
attribut smd
position 118.100000 111.800000  orientation 270.00
layer front
$PAD "2"
Shape Rect Layer front
position  0.750000  0.000000  size  0.800000  0.750000  orientation 0.00
drill  0.000000
shape_offset  0.000000  0.000000
$EndPAD
$PAD "1"
Shape Rect Layer front
position -0.750000  0.000000  size  0.800000  0.750000  orientation 0.00
drill  0.000000
shape_offset  0.000000  0.000000
$EndPAD
$EndMODULE  C25

$MODULE "C34"
reference "C34"
value "1uF"
footprint "Capacitors_SMD:C_0603"
attribut smd
position 115.000000 114.500000  orientation 0.00
layer front
$PAD "2"
Shape Rect Layer front
position  0.750000  0.000000  size  0.800000  0.750000  orientation 0.00
drill  0.000000
shape_offset  0.000000  0.000000
$EndPAD
$PAD "1"
Shape Rect Layer front
position -0.750000  0.000000  size  0.800000  0.750000  orientation 0.00
drill  0.000000
shape_offset  0.000000  0.000000
$EndPAD
$EndMODULE  C34

$MODULE "U6"
reference "U6"
value "LM3985IM5-5.0/NOPB"
footprint "TO_SOT_Packages_SMD:SOT-23-5"
attribut smd
position 115.500000 111.800000  orientation 90.00
layer front
$PAD "1"
Shape Rect Layer front
position -1.100000 -0.950000  size  1.060000  0.650000  orientation 0.00
drill  0.000000
shape_offset  0.000000  0.000000
$EndPAD
$PAD "2"
Shape Rect Layer front
position -1.100000  0.000000  size  1.060000  0.650000  orientation 0.00
drill  0.000000
shape_offset  0.000000  0.000000
$EndPAD
$PAD "3"
Shape Rect Layer front
position -1.100000  0.950000  size  1.060000  0.650000  orientation 0.00
drill  0.000000
shape_offset  0.000000  0.000000
$EndPAD
$PAD "4"
Shape Rect Layer front
position  1.100000  0.950000  size  1.060000  0.650000  orientation 0.00
drill  0.000000
shape_offset  0.000000  0.000000
$EndPAD
$PAD "5"
Shape Rect Layer front
position  1.100000 -0.950000  size  1.060000  0.650000  orientation 0.00
drill  0.000000
shape_offset  0.000000  0.000000
$EndPAD
$EndMODULE  U6

$MODULE "J2"
reference "J2"
value "Conn_02x03_Top_Bottom"
footprint "Connectors_Molex:Molex_MiniFit-JR-5556-06A_2x03x4.20mm_Straight"
attribut none
position 91.700000 55.000000  orientation 180.00
layer front
$PAD "1"
Shape Rect Layer both
position  0.000000  0.000000  size  2.800000  2.800000  orientation 0.00
drill  1.400000
shape_offset  0.000000  0.000000
$EndPAD
$PAD "2"
Shape Circle Layer both
position  4.200000  0.000000  size  2.800000  2.800000  orientation 0.00
drill  1.400000
shape_offset  0.000000  0.000000
$EndPAD
$PAD "3"
Shape Circle Layer both
position  8.400000  0.000000  size  2.800000  2.800000  orientation 0.00
drill  1.400000
shape_offset  0.000000  0.000000
$EndPAD
$PAD "4"
Shape Circle Layer both
position  0.000000  5.500000  size  2.800000  2.800000  orientation 0.00
drill  1.400000
shape_offset  0.000000  0.000000
$EndPAD
$PAD "5"
Shape Circle Layer both
position  4.200000  5.500000  size  2.800000  2.800000  orientation 0.00
drill  1.400000
shape_offset  0.000000  0.000000
$EndPAD
$PAD "6"
Shape Circle Layer both
position  8.400000  5.500000  size  2.800000  2.800000  orientation 0.00
drill  1.400000
shape_offset  0.000000  0.000000
$EndPAD
$EndMODULE  J2

$MODULE "Q3"
reference "Q3"
value "Q_NMOS_GSD"
footprint "TO_SOT_Packages_SMD:SOT-23"
attribut smd
position 97.000000 46.450000  orientation 180.00
layer front
$PAD "1"
Shape Rect Layer front
position -1.000000 -0.950000  size  0.900000  0.800000  orientation 0.00
drill  0.000000
shape_offset  0.000000  0.000000
$EndPAD
$PAD "2"
Shape Rect Layer front
position -1.000000  0.950000  size  0.900000  0.800000  orientation 0.00
drill  0.000000
shape_offset  0.000000  0.000000
$EndPAD
$PAD "3"
Shape Rect Layer front
position  1.000000  0.000000  size  0.900000  0.800000  orientation 0.00
drill  0.000000
shape_offset  0.000000  0.000000
$EndPAD
$EndMODULE  Q3

$MODULE "R34"
reference "R34"
value "82"
footprint "Resistors_SMD:R_0603"
attribut smd
position 54.300000 45.500000  orientation 90.00
layer front
$PAD "1"
Shape Rect Layer front
position -0.750000  0.000000  size  0.500000  0.900000  orientation 0.00
drill  0.000000
shape_offset  0.000000  0.000000
$EndPAD
$PAD "2"
Shape Rect Layer front
position  0.750000  0.000000  size  0.500000  0.900000  orientation 0.00
drill  0.000000
shape_offset  0.000000  0.000000
$EndPAD
$EndMODULE  R34

$MODULE "R39"
reference "R39"
value "82"
footprint "Resistors_SMD:R_0603"
attribut smd
position 54.500000 141.500000  orientation 0.00
layer front
$PAD "1"
Shape Rect Layer front
position -0.750000  0.000000  size  0.500000  0.900000  orientation 0.00
drill  0.000000
shape_offset  0.000000  0.000000
$EndPAD
$PAD "2"
Shape Rect Layer front
position  0.750000  0.000000  size  0.500000  0.900000  orientation 0.00
drill  0.000000
shape_offset  0.000000  0.000000
$EndPAD
$EndMODULE  R39

$MODULE "R40"
reference "R40"
value "100K"
footprint "Resistors_SMD:R_0603"
attribut smd
position 99.500000 46.400000  orientation 90.00
layer front
$PAD "1"
Shape Rect Layer front
position -0.750000  0.000000  size  0.500000  0.900000  orientation 0.00
drill  0.000000
shape_offset  0.000000  0.000000
$EndPAD
$PAD "2"
Shape Rect Layer front
position  0.750000  0.000000  size  0.500000  0.900000  orientation 0.00
drill  0.000000
shape_offset  0.000000  0.000000
$EndPAD
$EndMODULE  R40

$MODULE "Y1"
reference "Y1"
value "10MHz"
footprint "Crystals:Crystal_SMD_TXC_7M-4pin_3.2x2.5mm"
attribut smd
position 113.000000 69.250000  orientation 180.00
layer front
$PAD "1"
Shape Rect Layer front
position -1.100000  0.850000  size  1.400000  1.200000  orientation 0.00
drill  0.000000
shape_offset  0.000000  0.000000
$EndPAD
$PAD "2"
Shape Rect Layer front
position  1.100000  0.850000  size  1.400000  1.200000  orientation 0.00
drill  0.000000
shape_offset  0.000000  0.000000
$EndPAD
$PAD "3"
Shape Rect Layer front
position  1.100000 -0.850000  size  1.400000  1.200000  orientation 0.00
drill  0.000000
shape_offset  0.000000  0.000000
$EndPAD
$PAD "4"
Shape Rect Layer front
position -1.100000 -0.850000  size  1.400000  1.200000  orientation 0.00
drill  0.000000
shape_offset  0.000000  0.000000
$EndPAD
$EndMODULE  Y1

$MODULE "U1"
reference "U1"
value "UA9637"
footprint "Housings_SOIC:SOIC-8_3.9x4.9mm_Pitch1.27mm"
attribut smd
position 110.795000 98.350000  orientation 270.00
layer front
$PAD "1"
Shape Rect Layer front
position -2.700000 -1.905000  size  1.550000  0.600000  orientation 0.00
drill  0.000000
shape_offset  0.000000  0.000000
$EndPAD
$PAD "2"
Shape Rect Layer front
position -2.700000 -0.635000  size  1.550000  0.600000  orientation 0.00
drill  0.000000
shape_offset  0.000000  0.000000
$EndPAD
$PAD "3"
Shape Rect Layer front
position -2.700000  0.635000  size  1.550000  0.600000  orientation 0.00
drill  0.000000
shape_offset  0.000000  0.000000
$EndPAD
$PAD "4"
Shape Rect Layer front
position -2.700000  1.905000  size  1.550000  0.600000  orientation 0.00
drill  0.000000
shape_offset  0.000000  0.000000
$EndPAD
$PAD "5"
Shape Rect Layer front
position  2.700000  1.905000  size  1.550000  0.600000  orientation 0.00
drill  0.000000
shape_offset  0.000000  0.000000
$EndPAD
$PAD "6"
Shape Rect Layer front
position  2.700000  0.635000  size  1.550000  0.600000  orientation 0.00
drill  0.000000
shape_offset  0.000000  0.000000
$EndPAD
$PAD "7"
Shape Rect Layer front
position  2.700000 -0.635000  size  1.550000  0.600000  orientation 0.00
drill  0.000000
shape_offset  0.000000  0.000000
$EndPAD
$PAD "8"
Shape Rect Layer front
position  2.700000 -1.905000  size  1.550000  0.600000  orientation 0.00
drill  0.000000
shape_offset  0.000000  0.000000
$EndPAD
$EndMODULE  U1

$MODULE "U2"
reference "U2"
value "TPS92512"
footprint "FORT:PDSO-10-1EP-3x3mm-Pitch0.5mm"
attribut smd
position 83.500000 97.600000  orientation 0.00
layer front
$PAD "1"
Shape Oval Layer front
position -2.200000 -1.000000  size  0.300000  1.450000  orientation 270.00
drill  0.000000
shape_offset  0.000000  0.000000
$EndPAD
$PAD "2"
Shape Rect Layer front
position -2.200000 -0.500000  size  0.300000  1.450000  orientation 270.00
drill  0.000000
shape_offset  0.000000  0.000000
$EndPAD
$PAD "3"
Shape Rect Layer front
position -2.200000  0.000000  size  0.300000  1.450000  orientation 270.00
drill  0.000000
shape_offset  0.000000  0.000000
$EndPAD
$PAD "4"
Shape Rect Layer front
position -2.200000  0.500000  size  0.300000  1.450000  orientation 270.00
drill  0.000000
shape_offset  0.000000  0.000000
$EndPAD
$PAD "5"
Shape Rect Layer front
position -2.200000  1.000000  size  0.300000  1.450000  orientation 270.00
drill  0.000000
shape_offset  0.000000  0.000000
$EndPAD
$PAD "6"
Shape Rect Layer front
position  2.200000  1.000000  size  0.300000  1.450000  orientation 270.00
drill  0.000000
shape_offset  0.000000  0.000000
$EndPAD
$PAD "7"
Shape Rect Layer front
position  2.200000  0.500000  size  0.300000  1.450000  orientation 270.00
drill  0.000000
shape_offset  0.000000  0.000000
$EndPAD
$PAD "8"
Shape Rect Layer front
position  2.200000  0.000000  size  0.300000  1.450000  orientation 270.00
drill  0.000000
shape_offset  0.000000  0.000000
$EndPAD
$PAD "9"
Shape Rect Layer front
position  2.200000 -0.500000  size  0.300000  1.450000  orientation 270.00
drill  0.000000
shape_offset  0.000000  0.000000
$EndPAD
$PAD "10"
Shape Rect Layer front
position  2.200000 -1.000000  size  0.300000  1.450000  orientation 270.00
drill  0.000000
shape_offset  0.000000  0.000000
$EndPAD
$PAD "11"
Shape Circle Layer both
position  0.000000 -0.400000  size  0.350000  0.350000  orientation 270.00
drill  0.300000
shape_offset  0.000000  0.000000
$EndPAD
$PAD "11"
Shape Circle Layer both
position  0.800000 -1.200000  size  0.350000  0.350000  orientation 270.00
drill  0.300000
shape_offset  0.000000  0.000000
$EndPAD
$PAD "11"
Shape Circle Layer both
position  0.800000 -0.400000  size  0.350000  0.350000  orientation 270.00
drill  0.300000
shape_offset  0.000000  0.000000
$EndPAD
$PAD "11"
Shape Circle Layer both
position  0.000000 -1.200000  size  0.350000  0.350000  orientation 270.00
drill  0.300000
shape_offset  0.000000  0.000000
$EndPAD
$PAD "11"
Shape Circle Layer both
position -0.800000 -0.400000  size  0.350000  0.350000  orientation 270.00
drill  0.300000
shape_offset  0.000000  0.000000
$EndPAD
$PAD "11"
Shape Circle Layer both
position -0.800000 -1.200000  size  0.350000  0.350000  orientation 270.00
drill  0.300000
shape_offset  0.000000  0.000000
$EndPAD
$PAD "11"
Shape Circle Layer both
position -0.800000  0.400000  size  0.350000  0.350000  orientation 270.00
drill  0.300000
shape_offset  0.000000  0.000000
$EndPAD
$PAD "11"
Shape Circle Layer both
position  0.000000  0.400000  size  0.350000  0.350000  orientation 270.00
drill  0.300000
shape_offset  0.000000  0.000000
$EndPAD
$PAD "11"
Shape Circle Layer both
position  0.800000  0.400000  size  0.350000  0.350000  orientation 270.00
drill  0.300000
shape_offset  0.000000  0.000000
$EndPAD
$PAD "11"
Shape Circle Layer both
position  0.800000  1.200000  size  0.350000  0.350000  orientation 270.00
drill  0.300000
shape_offset  0.000000  0.000000
$EndPAD
$PAD "11"
Shape Circle Layer both
position  0.000000  1.200000  size  0.350000  0.350000  orientation 270.00
drill  0.300000
shape_offset  0.000000  0.000000
$EndPAD
$PAD "11"
Shape Circle Layer both
position -0.800000  1.200000  size  0.350000  0.350000  orientation 270.00
drill  0.300000
shape_offset  0.000000  0.000000
$EndPAD
$PAD "11"
Shape Rect Layer front
position  0.000000  0.000000  size  1.890000  1.830000  orientation 270.00
drill  0.000000
shape_offset  0.000000  0.000000
$EndPAD
$PAD "11"
Shape Rect Layer front
position  0.000000  0.000000  size  3.100000  2.200000  orientation 270.00
drill  0.000000
shape_offset  0.000000  0.000000
$EndPAD
$EndMODULE  U2

$MODULE "U3"
reference "U3"
value "TPS92512"
footprint "FORT:PDSO-10-1EP-3x3mm-Pitch0.5mm"
attribut smd
position 83.500000 119.600000  orientation 0.00
layer front
$PAD "1"
Shape Oval Layer front
position -2.200000 -1.000000  size  0.300000  1.450000  orientation 270.00
drill  0.000000
shape_offset  0.000000  0.000000
$EndPAD
$PAD "2"
Shape Rect Layer front
position -2.200000 -0.500000  size  0.300000  1.450000  orientation 270.00
drill  0.000000
shape_offset  0.000000  0.000000
$EndPAD
$PAD "3"
Shape Rect Layer front
position -2.200000  0.000000  size  0.300000  1.450000  orientation 270.00
drill  0.000000
shape_offset  0.000000  0.000000
$EndPAD
$PAD "4"
Shape Rect Layer front
position -2.200000  0.500000  size  0.300000  1.450000  orientation 270.00
drill  0.000000
shape_offset  0.000000  0.000000
$EndPAD
$PAD "5"
Shape Rect Layer front
position -2.200000  1.000000  size  0.300000  1.450000  orientation 270.00
drill  0.000000
shape_offset  0.000000  0.000000
$EndPAD
$PAD "6"
Shape Rect Layer front
position  2.200000  1.000000  size  0.300000  1.450000  orientation 270.00
drill  0.000000
shape_offset  0.000000  0.000000
$EndPAD
$PAD "7"
Shape Rect Layer front
position  2.200000  0.500000  size  0.300000  1.450000  orientation 270.00
drill  0.000000
shape_offset  0.000000  0.000000
$EndPAD
$PAD "8"
Shape Rect Layer front
position  2.200000  0.000000  size  0.300000  1.450000  orientation 270.00
drill  0.000000
shape_offset  0.000000  0.000000
$EndPAD
$PAD "9"
Shape Rect Layer front
position  2.200000 -0.500000  size  0.300000  1.450000  orientation 270.00
drill  0.000000
shape_offset  0.000000  0.000000
$EndPAD
$PAD "10"
Shape Rect Layer front
position  2.200000 -1.000000  size  0.300000  1.450000  orientation 270.00
drill  0.000000
shape_offset  0.000000  0.000000
$EndPAD
$PAD "11"
Shape Circle Layer both
position  0.000000 -0.400000  size  0.350000  0.350000  orientation 270.00
drill  0.300000
shape_offset  0.000000  0.000000
$EndPAD
$PAD "11"
Shape Circle Layer both
position  0.800000 -1.200000  size  0.350000  0.350000  orientation 270.00
drill  0.300000
shape_offset  0.000000  0.000000
$EndPAD
$PAD "11"
Shape Circle Layer both
position  0.800000 -0.400000  size  0.350000  0.350000  orientation 270.00
drill  0.300000
shape_offset  0.000000  0.000000
$EndPAD
$PAD "11"
Shape Circle Layer both
position  0.000000 -1.200000  size  0.350000  0.350000  orientation 270.00
drill  0.300000
shape_offset  0.000000  0.000000
$EndPAD
$PAD "11"
Shape Circle Layer both
position -0.800000 -0.400000  size  0.350000  0.350000  orientation 270.00
drill  0.300000
shape_offset  0.000000  0.000000
$EndPAD
$PAD "11"
Shape Circle Layer both
position -0.800000 -1.200000  size  0.350000  0.350000  orientation 270.00
drill  0.300000
shape_offset  0.000000  0.000000
$EndPAD
$PAD "11"
Shape Circle Layer both
position -0.800000  0.400000  size  0.350000  0.350000  orientation 270.00
drill  0.300000
shape_offset  0.000000  0.000000
$EndPAD
$PAD "11"
Shape Circle Layer both
position  0.000000  0.400000  size  0.350000  0.350000  orientation 270.00
drill  0.300000
shape_offset  0.000000  0.000000
$EndPAD
$PAD "11"
Shape Circle Layer both
position  0.800000  0.400000  size  0.350000  0.350000  orientation 270.00
drill  0.300000
shape_offset  0.000000  0.000000
$EndPAD
$PAD "11"
Shape Circle Layer both
position  0.800000  1.200000  size  0.350000  0.350000  orientation 270.00
drill  0.300000
shape_offset  0.000000  0.000000
$EndPAD
$PAD "11"
Shape Circle Layer both
position  0.000000  1.200000  size  0.350000  0.350000  orientation 270.00
drill  0.300000
shape_offset  0.000000  0.000000
$EndPAD
$PAD "11"
Shape Circle Layer both
position -0.800000  1.200000  size  0.350000  0.350000  orientation 270.00
drill  0.300000
shape_offset  0.000000  0.000000
$EndPAD
$PAD "11"
Shape Rect Layer front
position  0.000000  0.000000  size  1.890000  1.830000  orientation 270.00
drill  0.000000
shape_offset  0.000000  0.000000
$EndPAD
$PAD "11"
Shape Rect Layer front
position  0.000000  0.000000  size  3.100000  2.200000  orientation 270.00
drill  0.000000
shape_offset  0.000000  0.000000
$EndPAD
$EndMODULE  U3

$MODULE "U4"
reference "U4"
value "TPS92512"
footprint "FORT:PDSO-10-1EP-3x3mm-Pitch0.5mm"
attribut smd
position 83.500000 75.600000  orientation 0.00
layer front
$PAD "1"
Shape Oval Layer front
position -2.200000 -1.000000  size  0.300000  1.450000  orientation 270.00
drill  0.000000
shape_offset  0.000000  0.000000
$EndPAD
$PAD "2"
Shape Rect Layer front
position -2.200000 -0.500000  size  0.300000  1.450000  orientation 270.00
drill  0.000000
shape_offset  0.000000  0.000000
$EndPAD
$PAD "3"
Shape Rect Layer front
position -2.200000  0.000000  size  0.300000  1.450000  orientation 270.00
drill  0.000000
shape_offset  0.000000  0.000000
$EndPAD
$PAD "4"
Shape Rect Layer front
position -2.200000  0.500000  size  0.300000  1.450000  orientation 270.00
drill  0.000000
shape_offset  0.000000  0.000000
$EndPAD
$PAD "5"
Shape Rect Layer front
position -2.200000  1.000000  size  0.300000  1.450000  orientation 270.00
drill  0.000000
shape_offset  0.000000  0.000000
$EndPAD
$PAD "6"
Shape Rect Layer front
position  2.200000  1.000000  size  0.300000  1.450000  orientation 270.00
drill  0.000000
shape_offset  0.000000  0.000000
$EndPAD
$PAD "7"
Shape Rect Layer front
position  2.200000  0.500000  size  0.300000  1.450000  orientation 270.00
drill  0.000000
shape_offset  0.000000  0.000000
$EndPAD
$PAD "8"
Shape Rect Layer front
position  2.200000  0.000000  size  0.300000  1.450000  orientation 270.00
drill  0.000000
shape_offset  0.000000  0.000000
$EndPAD
$PAD "9"
Shape Rect Layer front
position  2.200000 -0.500000  size  0.300000  1.450000  orientation 270.00
drill  0.000000
shape_offset  0.000000  0.000000
$EndPAD
$PAD "10"
Shape Rect Layer front
position  2.200000 -1.000000  size  0.300000  1.450000  orientation 270.00
drill  0.000000
shape_offset  0.000000  0.000000
$EndPAD
$PAD "11"
Shape Circle Layer both
position  0.000000 -0.400000  size  0.350000  0.350000  orientation 270.00
drill  0.300000
shape_offset  0.000000  0.000000
$EndPAD
$PAD "11"
Shape Circle Layer both
position  0.800000 -1.200000  size  0.350000  0.350000  orientation 270.00
drill  0.300000
shape_offset  0.000000  0.000000
$EndPAD
$PAD "11"
Shape Circle Layer both
position  0.800000 -0.400000  size  0.350000  0.350000  orientation 270.00
drill  0.300000
shape_offset  0.000000  0.000000
$EndPAD
$PAD "11"
Shape Circle Layer both
position  0.000000 -1.200000  size  0.350000  0.350000  orientation 270.00
drill  0.300000
shape_offset  0.000000  0.000000
$EndPAD
$PAD "11"
Shape Circle Layer both
position -0.800000 -0.400000  size  0.350000  0.350000  orientation 270.00
drill  0.300000
shape_offset  0.000000  0.000000
$EndPAD
$PAD "11"
Shape Circle Layer both
position -0.800000 -1.200000  size  0.350000  0.350000  orientation 270.00
drill  0.300000
shape_offset  0.000000  0.000000
$EndPAD
$PAD "11"
Shape Circle Layer both
position -0.800000  0.400000  size  0.350000  0.350000  orientation 270.00
drill  0.300000
shape_offset  0.000000  0.000000
$EndPAD
$PAD "11"
Shape Circle Layer both
position  0.000000  0.400000  size  0.350000  0.350000  orientation 270.00
drill  0.300000
shape_offset  0.000000  0.000000
$EndPAD
$PAD "11"
Shape Circle Layer both
position  0.800000  0.400000  size  0.350000  0.350000  orientation 270.00
drill  0.300000
shape_offset  0.000000  0.000000
$EndPAD
$PAD "11"
Shape Circle Layer both
position  0.800000  1.200000  size  0.350000  0.350000  orientation 270.00
drill  0.300000
shape_offset  0.000000  0.000000
$EndPAD
$PAD "11"
Shape Circle Layer both
position  0.000000  1.200000  size  0.350000  0.350000  orientation 270.00
drill  0.300000
shape_offset  0.000000  0.000000
$EndPAD
$PAD "11"
Shape Circle Layer both
position -0.800000  1.200000  size  0.350000  0.350000  orientation 270.00
drill  0.300000
shape_offset  0.000000  0.000000
$EndPAD
$PAD "11"
Shape Rect Layer front
position  0.000000  0.000000  size  1.890000  1.830000  orientation 270.00
drill  0.000000
shape_offset  0.000000  0.000000
$EndPAD
$PAD "11"
Shape Rect Layer front
position  0.000000  0.000000  size  3.100000  2.200000  orientation 270.00
drill  0.000000
shape_offset  0.000000  0.000000
$EndPAD
$EndMODULE  U4

$EndDESCRIPTION
